<?xml version="1.0" encoding="UTF-8"?>
<!-- Generated by org.testng.reporters.JUnitReportReporter -->
<testsuite hostname="DESKTOP-U8C8BK9" failures="0" tests="10" name="mclaren" time="200.339" errors="0" timestamp="2021-09-21T11:57:47 IST" skipped="0">
  <testcase classname="mclaren" name="test2" time="0.194"/>
  <system-out/>
  <testcase classname="mclaren" name="test31" time="0.068"/>
  <system-out/>
  <testcase classname="mclaren" name="test32" time="0.068"/>
  <system-out/>
  <testcase classname="mclaren" name="test33" time="10.087"/>
  <system-out/>
  <testcase classname="mclaren" name="test34" time="20.442"/>
  <system-out/>
  <testcase classname="mclaren" name="delaydropdown" time="92.011"/>
  <system-out/>
  <testcase classname="mclaren" name="doubleclick" time="32.146"/>
  <system-out/>
  <testcase classname="mclaren" name="selectmultpleoption" time="30.222"/>
  <system-out/>
  <testcase classname="mclaren" name="textverification" time="0.048"/>
  <system-out/>
  <testcase classname="mclaren" name="iframe" time="15.053"/>
  <system-out/>
</testsuite> <!-- mclaren -->
