<?xml version="1.0" encoding="UTF-8"?>
<!-- Generated by org.testng.reporters.JUnitReportReporter -->
<testsuite hostname="DESKTOP-U8C8BK9" failures="0" tests="1" name="ScrollBt" time="64.755" errors="0" timestamp="2021-09-20T12:39:03 IST" skipped="0">
  <testcase classname="ScrollBt" name="scrollBy" time="64.755"/>
  <system-out/>
</testsuite> <!-- ScrollBt -->
